<?xml version="1.0" encoding="UTF-8"?>
<testsuite xmlns:xsi="http://www.w3.org/2001/XMLSchema-instance" xsi:noNamespaceSchemaLocation="https://maven.apache.org/surefire/maven-surefire-plugin/xsd/surefire-test-report.xsd" name="com.bootcamp.lombok.AppTest" time="0.021" tests="1" errors="0" skipped="0" failures="0">
  <properties>
    <property name="java.specification.version" value="17"/>
    <property name="sun.cpu.isalist" value="amd64"/>
    <property name="sun.jnu.encoding" value="MS950"/>
    <property name="java.class.path" value="C:\Bootcamp\bc2412\demo-lombok\target\test-classes;C:\Bootcamp\bc2412\demo-lombok\target\classes;C:\Users\wong&apos;s family\.m2\repository\junit\junit\4.11\junit-4.11.jar;C:\Users\wong&apos;s family\.m2\repository\org\hamcrest\hamcrest-core\1.3\hamcrest-core-1.3.jar;C:\Users\wong&apos;s family\.m2\repository\org\projectlombok\lombok\1.18.30\lombok-1.18.30.jar;"/>
    <property name="java.vm.vendor" value="Azul Systems, Inc."/>
    <property name="sun.arch.data.model" value="64"/>
    <property name="user.variant" value=""/>
    <property name="java.vendor.url" value="http://www.azul.com/"/>
    <property name="user.timezone" value="GMT+08:00"/>
    <property name="os.name" value="Windows 11"/>
    <property name="java.vm.specification.version" value="17"/>
    <property name="sun.java.launcher" value="SUN_STANDARD"/>
    <property name="user.country" value="HK"/>
    <property name="sun.boot.library.path" value="C:\Software\zulu17.54.21-ca-jdk17.0.13-win_x64\zulu17.54.21-ca-jdk17.0.13-win_x64\bin"/>
    <property name="sun.java.command" value="C:\Users\WONG&apos;S~1\AppData\Local\Temp\surefire4489319820309557914\surefirebooter4871959174002603781.jar C:\Users\wong&apos;s family\AppData\Local\Temp\surefire4489319820309557914 2025-01-27T16-21-13_653-jvmRun1 surefire5910698737900927849tmp surefire_010872786406843167787tmp"/>
    <property name="jdk.debug" value="release"/>
    <property name="surefire.test.class.path" value="C:\Bootcamp\bc2412\demo-lombok\target\test-classes;C:\Bootcamp\bc2412\demo-lombok\target\classes;C:\Users\wong&apos;s family\.m2\repository\junit\junit\4.11\junit-4.11.jar;C:\Users\wong&apos;s family\.m2\repository\org\hamcrest\hamcrest-core\1.3\hamcrest-core-1.3.jar;C:\Users\wong&apos;s family\.m2\repository\org\projectlombok\lombok\1.18.30\lombok-1.18.30.jar;"/>
    <property name="sun.cpu.endian" value="little"/>
    <property name="user.home" value="C:\Users\wong&apos;s family"/>
    <property name="user.language" value="zh"/>
    <property name="java.specification.vendor" value="Oracle Corporation"/>
    <property name="java.version.date" value="2024-10-15"/>
    <property name="java.home" value="C:\Software\zulu17.54.21-ca-jdk17.0.13-win_x64\zulu17.54.21-ca-jdk17.0.13-win_x64"/>
    <property name="file.separator" value="\"/>
    <property name="basedir" value="C:\Bootcamp\bc2412\demo-lombok"/>
    <property name="java.vm.compressedOopsMode" value="Zero based"/>
    <property name="line.separator" value="&#10;"/>
    <property name="java.vm.specification.vendor" value="Oracle Corporation"/>
    <property name="java.specification.name" value="Java Platform API Specification"/>
    <property name="surefire.real.class.path" value="C:\Users\WONG&apos;S~1\AppData\Local\Temp\surefire4489319820309557914\surefirebooter4871959174002603781.jar"/>
    <property name="user.script" value=""/>
    <property name="sun.management.compiler" value="HotSpot 64-Bit Tiered Compilers"/>
    <property name="java.runtime.version" value="17.0.13+11-LTS"/>
    <property name="user.name" value="wong&apos;s family"/>
    <property name="path.separator" value=";"/>
    <property name="os.version" value="10.0"/>
    <property name="java.runtime.name" value="OpenJDK Runtime Environment"/>
    <property name="file.encoding" value="MS950"/>
    <property name="java.vm.name" value="OpenJDK 64-Bit Server VM"/>
    <property name="java.vendor.version" value="Zulu17.54+21-CA"/>
    <property name="localRepository" value="C:\Users\wong&apos;s family\.m2\repository"/>
    <property name="java.vendor.url.bug" value="http://www.azul.com/support/"/>
    <property name="java.io.tmpdir" value="C:\Users\WONG&apos;S~1\AppData\Local\Temp\"/>
    <property name="java.version" value="17.0.13"/>
    <property name="user.dir" value="C:\Bootcamp\bc2412\demo-lombok"/>
    <property name="os.arch" value="amd64"/>
    <property name="java.vm.specification.name" value="Java Virtual Machine Specification"/>
    <property name="sun.os.patch.level" value=""/>
    <property name="native.encoding" value="MS950"/>
    <property name="java.library.path" value="C:\Software\zulu17.54.21-ca-jdk17.0.13-win_x64\zulu17.54.21-ca-jdk17.0.13-win_x64\bin;C:\windows\Sun\Java\bin;C:\windows\system32;C:\windows;C:\Users\wong&apos;s family\bin;C:\Program Files\Git\mingw64\bin;C:\Program Files\Git\usr\local\bin;C:\Program Files\Git\usr\bin;C:\Program Files\Git\usr\bin;C:\Program Files\Git\mingw64\bin;C:\Program Files\Git\usr\bin;C:\Users\wong&apos;s family\bin;C:\Software\apache-maven-3.9.9-bin\apache-maven-3.9.9\bin;C:\windows\system32;C:\windows;C:\windows\System32\Wbem;C:\windows\System32\WindowsPowerShell\v1.0;C:\windows\System32\OpenSSH;%PATH&amp;C;C:\Program Files\Git\Software\zulu17.54.21-ca-jdk17.0.13-win_x64\zulu17.54.21-ca-jdk17.0.13-win_x64;C:\Software\Git\bin;C:\Program Files\Git\usr\bin;C:\Program Files\MySQL\MySQL Shell 8.0\bin;C:\Software\apache-maven-3.9.9-bin\apache-maven-3.9.9;C:\Users\wong&apos;s family\AppData\Local\Microsoft\WindowsApps;C:\Software\zulu17.54.21-ca-jdk17.0.13-win_x64\zulu17.54.21-ca-jdk17.0.13-win_x64\bin;C:\Users\wong&apos;s family\AppData\Local\Programs\Microsoft VS Code\bin;C:\Program Files\Git\usr\bin\vendor_perl;C:\Program Files\Git\usr\bin\core_perl;."/>
    <property name="java.vm.info" value="mixed mode, sharing"/>
    <property name="java.vendor" value="Azul Systems, Inc."/>
    <property name="java.vm.version" value="17.0.13+11-LTS"/>
    <property name="java.specification.maintenance.version" value="1"/>
    <property name="sun.io.unicode.encoding" value="UnicodeLittle"/>
    <property name="java.class.version" value="61.0"/>
  </properties>
  <testcase name="shouldAnswerWithTrue" classname="com.bootcamp.lombok.AppTest" time="0.001"/>
</testsuite>